<?xml version="1.0" encoding="UTF-8" ?>
<testsuite errors="1" failures="1" hostname="srikanth-PC" name="com.ontestautomation.selenium.ci.TestSuite" skipped="0" tests="5" time="95.354" timestamp="2015-12-17T17:48:53">
  <properties>
    <property name="java.vendor" value="Oracle Corporation" />
    <property name="sun.java.launcher" value="SUN_STANDARD" />
    <property name="eclipse.pdebuild.templates" value="/D:/eclipse/plugins/org.eclipse.pde.build_3.9.100.v20150521-1524/templates/" />
    <property name="sun.management.compiler" value="HotSpot 64-Bit Tiered Compilers" />
    <property name="env.PROMPT" value="$P$G" />
    <property name="os.name" value="Windows 7" />
    <property name="env.FP_NO_HOST_CHECK" value="NO" />
    <property name="sun.boot.class.path" value="C:\java\jdk1.7.0_71\jre\lib\resources.jar;C:\java\jdk1.7.0_71\jre\lib\rt.jar;C:\java\jdk1.7.0_71\jre\lib\sunrsasign.jar;C:\java\jdk1.7.0_71\jre\lib\jsse.jar;C:\java\jdk1.7.0_71\jre\lib\jce.jar;C:\java\jdk1.7.0_71\jre\lib\charsets.jar;C:\java\jdk1.7.0_71\jre\lib\jfr.jar;C:\java\jdk1.7.0_71\jre\classes" />
    <property name="env.HerokuPath" value="C:\Program Files (x86)\Heroku" />
    <property name="env.COMPUTERNAME" value="SRIKANTH-PC" />
    <property name="env.CommonProgramW6432" value="C:\Program Files\Common Files" />
    <property name="report" value="report" />
    <property name="env.ALLUSERSPROFILE" value="C:\ProgramData" />
    <property name="sun.desktop" value="windows" />
    <property name="java.vm.specification.vendor" value="Oracle Corporation" />
    <property name="ant.home" value="D:\eclipse\plugins\org.apache.ant_1.9.4.v201504302020" />
    <property name="java.runtime.version" value="1.7.0_71-b14" />
    <property name="env.HOMEPATH" value="\Users\srikanth" />
    <property name="label" value="${env.WORKSPACE}" />
    <property name="user.name" value="srikanth" />
    <property name="build.dir" value="build" />
    <property name="user.language" value="en" />
    <property name="sun.boot.library.path" value="C:\java\jdk1.7.0_71\jre\bin" />
    <property name="ant.project.default-target" value="main" />
    <property name="ant.project.name" value="SeleniumCI" />
    <property name="java.version" value="1.7.0_71" />
    <property name="env.PROCESSOR_IDENTIFIER" value="Intel64 Family 6 Model 42 Stepping 7, GenuineIntel" />
    <property name="user.timezone" value="" />
    <property name="env.TEMP" value="C:\Users\srikanth\AppData\Local\Temp" />
    <property name="sun.arch.data.model" value="64" />
    <property name="env.classpath" value="D:\jarfiles\ojdbc6.jar;" />
    <property name="java.endorsed.dirs" value="C:\java\jdk1.7.0_71\jre\lib\endorsed" />
    <property name="sun.cpu.isalist" value="amd64" />
    <property name="env.HOMEDRIVE" value="C:" />
    <property name="sun.jnu.encoding" value="Cp1252" />
    <property name="file.encoding.pkg" value="sun.io" />
    <property name="file.separator" value="\" />
    <property name="java.specification.name" value="Java Platform API Specification" />
    <property name="classes.dir" value="build/classes" />
    <property name="java.class.version" value="51.0" />
    <property name="user.country" value="IN" />
    <property name="java.home" value="C:\java\jdk1.7.0_71\jre" />
    <property name="env.PSModulePath" value="C:\Windows\system32\WindowsPowerShell\v1.0\Modules\" />
    <property name="env.APPDATA" value="C:\Users\srikanth\AppData\Roaming" />
    <property name="env.PUBLIC" value="C:\Users\Public" />
    <property name="java.vm.info" value="mixed mode" />
    <property name="env.ComSpec" value="C:\Windows\system32\cmd.exe" />
    <property name="env.OS" value="Windows_NT" />
    <property name="env.CommonProgramFiles" value="C:\Program Files\Common Files" />
    <property name="ant.file" value="C:\SeliniumReports\build.xml" />
    <property name="os.version" value="6.1" />
    <property name="env.ProgramW6432" value="C:\Program Files" />
    <property name="path.separator" value=";" />
    <property name="java.vm.version" value="24.71-b01" />
    <property name="env.USERPROFILE" value="C:\Users\srikanth" />
    <property name="user.variant" value="" />
    <property name="ant.library.dir" value="D:\eclipse\plugins\org.apache.ant_1.9.4.v201504302020\lib" />
    <property name="env.JAVA_HOME" value="C:\jdk1.6.0_21" />
    <property name="java.awt.printerjob" value="sun.awt.windows.WPrinterJob" />
    <property name="env.TMP" value="C:\Users\srikanth\AppData\Local\Temp" />
    <property name="sun.io.unicode.encoding" value="UnicodeLittle" />
    <property name="awt.toolkit" value="sun.awt.windows.WToolkit" />
    <property name="user.script" value="" />
    <property name="eclipse.pdebuild.scripts" value="/D:/eclipse/plugins/org.eclipse.pde.build_3.9.100.v20150521-1524/scripts/" />
    <property name="user.home" value="C:\Users\srikanth" />
    <property name="env.ProgramData" value="C:\ProgramData" />
    <property name="env.SESSIONNAME" value="Console" />
    <property name="env.ProgramFiles(x86)" value="C:\Program Files (x86)" />
    <property name="java.specification.vendor" value="Oracle Corporation" />
    <property name="java.vendor.url" value="http://java.oracle.com/" />
    <property name="env.NUMBER_OF_PROCESSORS" value="4" />
    <property name="java.library.path" value="C:\Windows\system32;C:\Windows\Sun\Java\bin;C:\Windows\system32;C:\Windows;C:\oraclexe\app\oracle\product\11.2.0\server\bin;C:\product\11.1.0\db_3\bin;C:\app\srikanth\product\11.1.0\db_1\bin;C:\Windows\system32;C:\Windows;C:\Windows\System32\Wbem;C:\Windows\System32\WindowsPowerShell\v1.0\;C:\Program Files\Intel\WiFi\bin\;C:\Program Files\Common Files\Intel\WirelessCommon\;C:\Program Files (x86)\Common Files\Adobe\AGL;C:\Program Files (x86)\Common Files\Roxio Shared\OEM\DLLShared\;C:\Program Files (x86)\Common Files\Roxio Shared\OEM\DLLShared\;C:\Program Files (x86)\Common Files\Roxio Shared\OEM\12.0\DLLShared\;C:\Program Files (x86)\Roxio\OEM\AudioCore\;C:\Program Files (x86)\Skype\Phone\;C:\Program Files (x86)\Heroku\bin;C:\Program Files (x86)\git\cmd;%JAVA_HOME%;C:\maven3.3\bin;C:\Program Files\MySQL\MySQL Server 5.6\bin;C:\jdk1.6.0_21\bin;.;D:\eclipse\configuration\org.eclipse.osgi\747\0\.cp" />
    <property name="java.vm.vendor" value="Oracle Corporation" />
    <property name="java.runtime.name" value="Java(TM) SE Runtime Environment" />
    <property name="java.class.path" value="D:\eclipse\plugins\org.apache.ant_1.9.4.v201504302020\lib\ant-antlr.jar;D:\eclipse\plugins\org.apache.ant_1.9.4.v201504302020\lib\ant-apache-bcel.jar;D:\eclipse\plugins\org.apache.ant_1.9.4.v201504302020\lib\ant-apache-bsf.jar;D:\eclipse\plugins\org.apache.ant_1.9.4.v201504302020\lib\ant-apache-log4j.jar;D:\eclipse\plugins\org.apache.ant_1.9.4.v201504302020\lib\ant-apache-oro.jar;D:\eclipse\plugins\org.apache.ant_1.9.4.v201504302020\lib\ant-apache-regexp.jar;D:\eclipse\plugins\org.apache.ant_1.9.4.v201504302020\lib\ant-apache-resolver.jar;D:\eclipse\plugins\org.apache.ant_1.9.4.v201504302020\lib\ant-apache-xalan2.jar;D:\eclipse\plugins\org.apache.ant_1.9.4.v201504302020\lib\ant-commons-logging.jar;D:\eclipse\plugins\org.apache.ant_1.9.4.v201504302020\lib\ant-commons-net.jar;D:\eclipse\plugins\org.apache.ant_1.9.4.v201504302020\lib\ant-jai.jar;D:\eclipse\plugins\org.apache.ant_1.9.4.v201504302020\lib\ant-javamail.jar;D:\eclipse\plugins\org.apache.ant_1.9.4.v201504302020\lib\ant-jdepend.jar;D:\eclipse\plugins\org.apache.ant_1.9.4.v201504302020\lib\ant-jmf.jar;D:\eclipse\plugins\org.apache.ant_1.9.4.v201504302020\lib\ant-jsch.jar;D:\eclipse\plugins\org.apache.ant_1.9.4.v201504302020\lib\ant-junit.jar;D:\eclipse\plugins\org.apache.ant_1.9.4.v201504302020\lib\ant-junit4.jar;D:\eclipse\plugins\org.apache.ant_1.9.4.v201504302020\lib\ant-launcher.jar;D:\eclipse\plugins\org.apache.ant_1.9.4.v201504302020\lib\ant-netrexx.jar;D:\eclipse\plugins\org.apache.ant_1.9.4.v201504302020\lib\ant-swing.jar;D:\eclipse\plugins\org.apache.ant_1.9.4.v201504302020\lib\ant-testutil.jar;D:\eclipse\plugins\org.apache.ant_1.9.4.v201504302020\lib\ant.jar;D:\eclipse\configuration\org.eclipse.osgi\79\0\.cp\lib\antdebug.jar;D:\eclipse\configuration\org.eclipse.osgi\79\0\.cp\lib\remote.jar;D:\eclipse\configuration\org.eclipse.osgi\80\0\.cp\lib\remoteAnt.jar;C:\java\jdk1.7.0_71\lib\tools.jar;D:\eclipse\plugins\org.eclipse.swt.win32.win32.x86_64_3.104.0.v20150528-0211.jar" />
    <property name="ant.version" value="Apache Ant(TM) version 1.9.4 compiled on April 29 2014" />
    <property name="sun.java.command" value="org.eclipse.ant.internal.launching.remote.InternalAntRunner -Dorg.eclipse.ant.core.ANT_PROCESS_ID=1450374519009 -Declipse.connect.port=50231 -Declipse.pdebuild.home=/D:/eclipse/plugins/org.eclipse.pde.build_3.9.100.v20150521-1524/./ -Declipse.pdebuild.scripts=/D:/eclipse/plugins/org.eclipse.pde.build_3.9.100.v20150521-1524/scripts/ -Declipse.pdebuild.templates=/D:/eclipse/plugins/org.eclipse.pde.build_3.9.100.v20150521-1524/templates/ -Dant.home=D:\eclipse\plugins\org.apache.ant_1.9.4.v201504302020 -logger org.eclipse.ant.internal.launching.remote.logger.RemoteAntBuildLogger -inputhandler org.eclipse.ant.internal.ui.antsupport.inputhandler.ProxyInputHandler -buildfile C:\SeliniumReports\build.xml" />
    <property name="java.vm.specification.name" value="Java Virtual Machine Specification" />
    <property name="env.LOGONSERVER" value="\\SRIKANTH-PC" />
    <property name="env.windir" value="C:\Windows" />
    <property name="env.PROCESSOR_ARCHITECTURE" value="AMD64" />
    <property name="java.vm.specification.version" value="1.7" />
    <property name="sun.cpu.endian" value="little" />
    <property name="sun.os.patch.level" value="" />
    <property name="env.ProgramFiles" value="C:\Program Files" />
    <property name="env.ANT_HOME" value="D:\eclipse\plugins\org.apache.ant_1.9.4.v201504302020" />
    <property name="env.PROCESSOR_REVISION" value="2a07" />
    <property name="eclipse.pdebuild.home" value="/D:/eclipse/plugins/org.eclipse.pde.build_3.9.100.v20150521-1524/./" />
    <property name="java.io.tmpdir" value="C:\Users\srikanth\AppData\Local\Temp\" />
    <property name="env.CommonProgramFiles(x86)" value="C:\Program Files (x86)\Common Files" />
    <property name="java.vendor.url.bug" value="http://bugreport.sun.com/bugreport/" />
    <property name="env.SystemRoot" value="C:\Windows" />
    <property name="java.awt.graphicsenv" value="sun.awt.Win32GraphicsEnvironment" />
    <property name="os.arch" value="amd64" />
    <property name="ant.file.type.SeleniumCI" value="file" />
    <property name="java.ext.dirs" value="C:\java\jdk1.7.0_71\jre\lib\ext;C:\Windows\Sun\Java\lib\ext" />
    <property name="user.dir" value="C:\SeliniumReports" />
    <property name="env.LOCALAPPDATA" value="C:\Users\srikanth\AppData\Local" />
    <property name="line.separator" value="&#xd;&#xa;" />
    <property name="java.vm.name" value="Java HotSpot(TM) 64-Bit Server VM" />
    <property name="env.PATHEXT" value=".COM;.EXE;.BAT;.CMD;.VBS;.VBE;.JS;.JSE;.WSF;.WSH;.MSC;.RB;.RBW" />
    <property name="env.Path" value="C:\oraclexe\app\oracle\product\11.2.0\server\bin;C:\product\11.1.0\db_3\bin;C:\app\srikanth\product\11.1.0\db_1\bin;C:\Windows\system32;C:\Windows;C:\Windows\System32\Wbem;C:\Windows\System32\WindowsPowerShell\v1.0\;C:\Program Files\Intel\WiFi\bin\;C:\Program Files\Common Files\Intel\WirelessCommon\;C:\Program Files (x86)\Common Files\Adobe\AGL;C:\Program Files (x86)\Common Files\Roxio Shared\OEM\DLLShared\;C:\Program Files (x86)\Common Files\Roxio Shared\OEM\DLLShared\;C:\Program Files (x86)\Common Files\Roxio Shared\OEM\12.0\DLLShared\;C:\Program Files (x86)\Roxio\OEM\AudioCore\;C:\Program Files (x86)\Skype\Phone\;C:\Program Files (x86)\Heroku\bin;C:\Program Files (x86)\git\cmd;%JAVA_HOME%;C:\maven3.3\bin;C:\Program Files\MySQL\MySQL Server 5.6\bin;C:\jdk1.6.0_21\bin" />
    <property name="basedir" value="C:\SeliniumReports" />
    <property name="ant.file.SeleniumCI" value="C:\SeliniumReports\build.xml" />
    <property name="ant.java.version" value="1.7" />
    <property name="ant.core.lib" value="D:\eclipse\plugins\org.apache.ant_1.9.4.v201504302020\lib\ant.jar" />
    <property name="env.USERNAME" value="srikanth" />
    <property name="env.SystemDrive" value="C:" />
    <property name="file.encoding" value="Cp1252" />
    <property name="env.USERDOMAIN" value="srikanth-PC" />
    <property name="java.specification.version" value="1.7" />
    <property name="src.dir" value="src" />
    <property name="ant.project.invoked-targets" value="main" />
    <property name="env.PROCESSOR_LEVEL" value="6" />
  </properties>
  <testcase classname="com.ontestautomation.selenium.ci.TestOne" name="testcaseOne" time="0.002" />
  <testcase classname="com.ontestautomation.selenium.ci.TestTwo" name="testcaseTwo" time="0.0" />
  <testcase classname="com.ontestautomation.selenium.ci.SeleniumCITest" name="thisTestShouldFail" time="42.492">
    <failure message="expected:&lt;ParaBank | [Welcome] | Online Banking&gt; but was:&lt;ParaBank | [How are you today?] | Online Banking&gt;" type="junit.framework.AssertionFailedError">junit.framework.AssertionFailedError: expected:&lt;ParaBank | [Welcome] | Online Banking&gt; but was:&lt;ParaBank | [How are you today?] | Online Banking&gt;
	at com.ontestautomation.selenium.ci.SeleniumCITest.thisTestShouldFail(Unknown Source)
	at org.eclipse.ant.internal.launching.remote.EclipseDefaultExecutor.executeTargets(EclipseDefaultExecutor.java:36)
	at org.eclipse.ant.internal.launching.remote.InternalAntRunner.run(InternalAntRunner.java:453)
	at org.eclipse.ant.internal.launching.remote.InternalAntRunner.main(InternalAntRunner.java:140)
</failure>
  </testcase>
  <testcase classname="com.ontestautomation.selenium.ci.SeleniumCITest" name="successfulLoginLogout" time="52.292" />
  <testcase classname="com.ontestautomation.selenium.ci.TestRunner" name="test" time="0.056">
    <error type="java.lang.NullPointerException">java.lang.NullPointerException
	at com.ontestautomation.selenium.ci.TestRunner.test(Unknown Source)
	at org.eclipse.ant.internal.launching.remote.EclipseDefaultExecutor.executeTargets(EclipseDefaultExecutor.java:36)
	at org.eclipse.ant.internal.launching.remote.InternalAntRunner.run(InternalAntRunner.java:453)
	at org.eclipse.ant.internal.launching.remote.InternalAntRunner.main(InternalAntRunner.java:140)
</error>
  </testcase>
  <system-out><![CDATA[Hello im in test case one
Hello im in test case two
]]></system-out>
  <system-err><![CDATA[java.io.FileNotFoundException: \var\lib\jenkins\jobs\TestFramework2\workspace\report\html\all-tests.html (The system cannot find the path specified)
	at java.io.FileInputStream.open(Native Method)
	at java.io.FileInputStream.<init>(FileInputStream.java:146)
	at org.jsoup.helper.DataUtil.load(DataUtil.java:37)
	at org.jsoup.Jsoup.parse(Jsoup.java:89)
	at com.ontestautomation.selenium.ci.TestRunner.test(Unknown Source)
	at sun.reflect.NativeMethodAccessorImpl.invoke0(Native Method)
	at sun.reflect.NativeMethodAccessorImpl.invoke(NativeMethodAccessorImpl.java:57)
	at sun.reflect.DelegatingMethodAccessorImpl.invoke(DelegatingMethodAccessorImpl.java:43)
	at java.lang.reflect.Method.invoke(Method.java:606)
	at org.junit.runners.model.FrameworkMethod$1.runReflectiveCall(FrameworkMethod.java:50)
	at org.junit.internal.runners.model.ReflectiveCallable.run(ReflectiveCallable.java:12)
	at org.junit.runners.model.FrameworkMethod.invokeExplosively(FrameworkMethod.java:47)
	at org.junit.internal.runners.statements.InvokeMethod.evaluate(InvokeMethod.java:17)
	at org.junit.runners.ParentRunner.runLeaf(ParentRunner.java:325)
	at org.junit.runners.BlockJUnit4ClassRunner.runChild(BlockJUnit4ClassRunner.java:78)
	at org.junit.runners.BlockJUnit4ClassRunner.runChild(BlockJUnit4ClassRunner.java:57)
	at org.junit.runners.ParentRunner$3.run(ParentRunner.java:290)
	at org.junit.runners.ParentRunner$1.schedule(ParentRunner.java:71)
	at org.junit.runners.ParentRunner.runChildren(ParentRunner.java:288)
	at org.junit.runners.ParentRunner.access$000(ParentRunner.java:58)
	at org.junit.runners.ParentRunner$2.evaluate(ParentRunner.java:268)
	at org.junit.runners.ParentRunner.run(ParentRunner.java:363)
	at org.junit.runners.Suite.runChild(Suite.java:128)
	at org.junit.runners.Suite.runChild(Suite.java:27)
	at org.junit.runners.ParentRunner$3.run(ParentRunner.java:290)
	at org.junit.runners.ParentRunner$1.schedule(ParentRunner.java:71)
	at org.junit.runners.ParentRunner.runChildren(ParentRunner.java:288)
	at org.junit.runners.ParentRunner.access$000(ParentRunner.java:58)
	at org.junit.runners.ParentRunner$2.evaluate(ParentRunner.java:268)
	at org.junit.runners.ParentRunner.run(ParentRunner.java:363)
	at junit.framework.JUnit4TestAdapter.run(JUnit4TestAdapter.java:38)
	at org.apache.tools.ant.taskdefs.optional.junit.JUnitTestRunner.run(JUnitTestRunner.java:532)
	at org.apache.tools.ant.taskdefs.optional.junit.JUnitTask.executeInVM(JUnitTask.java:1614)
	at org.apache.tools.ant.taskdefs.optional.junit.JUnitTask.execute(JUnitTask.java:1019)
	at org.apache.tools.ant.taskdefs.optional.junit.JUnitTask.executeOrQueue(JUnitTask.java:2095)
	at org.apache.tools.ant.taskdefs.optional.junit.JUnitTask.execute(JUnitTask.java:828)
	at org.apache.tools.ant.UnknownElement.execute(UnknownElement.java:292)
	at sun.reflect.NativeMethodAccessorImpl.invoke0(Native Method)
	at sun.reflect.NativeMethodAccessorImpl.invoke(NativeMethodAccessorImpl.java:57)
	at sun.reflect.DelegatingMethodAccessorImpl.invoke(DelegatingMethodAccessorImpl.java:43)
	at java.lang.reflect.Method.invoke(Method.java:606)
	at org.apache.tools.ant.dispatch.DispatchUtils.execute(DispatchUtils.java:106)
	at org.apache.tools.ant.Task.perform(Task.java:348)
	at org.apache.tools.ant.Target.execute(Target.java:435)
	at org.apache.tools.ant.Target.performTasks(Target.java:456)
	at org.apache.tools.ant.Project.executeSortedTargets(Project.java:1393)
	at org.apache.tools.ant.Project.executeTarget(Project.java:1364)
	at org.apache.tools.ant.helper.DefaultExecutor.executeTargets(DefaultExecutor.java:41)
	at org.eclipse.ant.internal.launching.remote.EclipseDefaultExecutor.executeTargets(EclipseDefaultExecutor.java:36)
	at org.apache.tools.ant.Project.executeTargets(Project.java:1248)
	at org.eclipse.ant.internal.launching.remote.InternalAntRunner.run(InternalAntRunner.java:453)
	at org.eclipse.ant.internal.launching.remote.InternalAntRunner.main(InternalAntRunner.java:140)
]]></system-err>
</testsuite>
